0 info it worked if it ends with ok
1 verbose cli [ 'node',
1 verbose cli   '/Users/chietala/.nvm/v0.10.28/bin/npm',
1 verbose cli   'run',
1 verbose cli   'test-watch' ]
2 info using npm@1.4.27
3 info using node@v0.10.28
4 verbose run-script [ 'pretest-watch', 'test-watch', 'posttest-watch' ]
5 info pretest-watch es6-tooling@1.0.0
6 info test-watch es6-tooling@1.0.0
7 verbose unsafe-perm in lifecycle true
8 info es6-tooling@1.0.0 Failed to exec test-watch script
9 error es6-tooling@1.0.0 test-watch: `mocha --watch --reporter spec tests/**/*-test.js`
9 error Exit status 8
10 error Failed at the es6-tooling@1.0.0 test-watch script.
10 error This is most likely a problem with the es6-tooling package,
10 error not with npm itself.
10 error Tell the author that this fails on your system:
10 error     mocha --watch --reporter spec tests/**/*-test.js
10 error You can get their info via:
10 error     npm owner ls es6-tooling
10 error There is likely additional logging output above.
11 error System Darwin 13.3.0
12 error command "node" "/Users/chietala/.nvm/v0.10.28/bin/npm" "run" "test-watch"
13 error cwd /Users/chietala/workspace/shift/es6-tooling
14 error node -v v0.10.28
15 error npm -v 1.4.27
16 error code ELIFECYCLE
17 verbose exit [ 1, true ]
